

HI-TECH Software PIC PRO Macro Assembler V9.83 build 10920 
                                                                                               Thu Nov 18 11:38:05 2021

HI-TECH Software Omniscient Code Generator (PRO mode) build 10920
     1                           	processor	16F886
     2                           	opt	pw 120
     3                           	opt	pm
     4                           	psect	config,global,class=CONFIG,delta=2
     5                           	psect	text280,local,class=CODE,delta=2
     6                           	psect	cinit,global,class=CODE,delta=2
     7                           	psect	bssBANK0,global,class=BANK0,space=1,delta=1
     8                           	psect	cstackCOMMON,global,class=COMMON,space=1,delta=1
     9                           	psect	maintext,global,class=CODE,delta=2
    10                           	psect	text281,local,class=CODE,delta=2
    11                           	psect	text282,local,class=CODE,delta=2
    12                           	psect	text283,local,class=CODE,delta=2
    13                           	psect	text284,local,class=CODE,delta=2
    14                           	psect	text292,local,class=CODE,delta=2
    15                           	psect	intentry,global,class=CODE,delta=2
    16                           	psect	text293,local,class=CODE,delta=2
    17                           	psect	pa_nodes,global,class=CODE,delta=2
    18                           	dabs	1,0x7E,2
    19  000A                     	;#
    20                           
    21                           	psect	config
    22  2007  EB04               	dw	60164	;#
    23  2008  FFFF               	dw	65535	;#
    24                           
    25                           	psect	text280
    26  0000                     __ptext280:	
    27  001F                     _ADCON0	set	31
    28  0017                     _CCP1CON	set	23
    29  001D                     _CCP2CON	set	29
    30  0005                     _PORTA	set	5
    31  0006                     _PORTB	set	6
    32  0007                     _PORTC	set	7
    33  0001                     _TMR0	set	1
    34  000F                     _TMR1H	set	15
    35  000E                     _TMR1L	set	14
    36  0011                     _TMR2	set	17
    37  00FA                     _CHS0	set	250
    38  00FB                     _CHS1	set	251
    39  00FC                     _CHS2	set	252
    40  00FD                     _CHS3	set	253
    41  005F                     _GIE	set	95
    42  005C                     _INTE	set	92
    43  0059                     _INTF	set	89
    44  005E                     _PEIE	set	94
    45  002A                     _RA2	set	42
    46  005B                     _RBIE	set	91
    47  0058                     _RBIF	set	88
    48  005D                     _T0IE	set	93
    49  005A                     _T0IF	set	90
    50  0084                     _T1CKPS0	set	132
    51  0085                     _T1CKPS1	set	133
    52  0083                     _T1OSCEN	set	131
    53  0090                     _T2CKPS0	set	144
    54  0091                     _T2CKPS1	set	145
    55  005D                     _TMR0IE	set	93
    56  005A                     _TMR0IF	set	90
    57  0081                     _TMR1CS	set	129
    58  0080                     _TMR1ON	set	128
    59  0092                     _TMR2ON	set	146
    60  0093                     _TOUTPS0	set	147
    61  0094                     _TOUTPS1	set	148
    62  0095                     _TOUTPS2	set	149
    63  0096                     _TOUTPS3	set	150
    64  0082                     _nT1SYNC	set	130
    65  009F                     _ADCON1	set	159
    66  008F                     _OSCCON	set	143
    67  0085                     _TRISA	set	133
    68  0086                     _TRISB	set	134
    69  0087                     _TRISC	set	135
    70  0462                     _CCP1IE	set	1122
    71  0468                     _CCP2IE	set	1128
    72  040E                     _INTEDG	set	1038
    73  0408                     _PS0	set	1032
    74  0409                     _PS1	set	1033
    75  040A                     _PS2	set	1034
    76  040B                     _PSA	set	1035
    77  040D                     _T0CS	set	1037
    78  040C                     _T0SE	set	1036
    79  0460                     _TMR1IE	set	1120
    80  0461                     _TMR2IE	set	1121
    81  04FC                     _VCFG0	set	1276
    82  04FD                     _VCFG1	set	1277
    83  040F                     _nRBPU	set	1039
    84  0107                     _CM1CON0	set	263
    85  0108                     _CM2CON0	set	264
    86  0188                     _ANSEL	set	392
    87  0189                     _ANSELH	set	393
    88                           
    89                           	psect	cinit
    90  0148                     start_initialization:	
    91                           
    92                           ; Clear objects allocated to BANK0
    93  0148  01A0               	clrf	__pbssBANK0& (0+127)
    94  0149  01A1               	clrf	(__pbssBANK0+1)& (0+127)
    95  014A  01A2               	clrf	(__pbssBANK0+2)& (0+127)
    96  014B  01A3               	clrf	(__pbssBANK0+3)& (0+127)
    97  014C  01A4               	clrf	(__pbssBANK0+4)& (0+127)
    98  014D  01A5               	clrf	(__pbssBANK0+5)& (0+127)
    99  014E  01A6               	clrf	(__pbssBANK0+6)& (0+127)
   100  014F  01A7               	clrf	(__pbssBANK0+7)& (0+127)
   101  0150  01A8               	clrf	(__pbssBANK0+8)& (0+127)
   102  0151  01A9               	clrf	(__pbssBANK0+9)& (0+127)
   103  0152  01AA               	clrf	(__pbssBANK0+10)& (0+127)
   104  0153  01AB               	clrf	(__pbssBANK0+11)& (0+127)
   105  0154  01AC               	clrf	(__pbssBANK0+12)& (0+127)
   106  0155                     end_of_initialization:	
   107                           ;End of C runtime variable initialization code
   108                           
   109  0155  0183               	clrf	3
   110  0156  120A  118A  2924   	ljmp	_main	;jump to C main() function
   111                           
   112                           	psect	bssBANK0
   113  0020                     __pbssBANK0:	
   114  0020                     _montacargas:	
   115  0020                     	ds	13
   116                           
   117                           	psect	cstackCOMMON
   118  0070                     __pcstackCOMMON:	
   119  0070                     ?_configPorts:	
   120  0070                     ?_configInterrupts:	
   121                           ; 0 bytes @ 0x0
   122                           
   123  0070                     ?_configTimers:	
   124                           ; 0 bytes @ 0x0
   125                           
   126  0070                     ?_configADC:	
   127                           ; 0 bytes @ 0x0
   128                           
   129  0070                     ?_configCCP:	
   130                           ; 0 bytes @ 0x0
   131                           
   132  0070                     ?_configComparadores:	
   133                           ; 0 bytes @ 0x0
   134                           
   135  0070                     ?_configOscilador:	
   136                           ; 0 bytes @ 0x0
   137                           
   138  0070                     ?_configDevice:	
   139                           ; 0 bytes @ 0x0
   140                           
   141  0070                     ?_controlTiempos:	
   142                           ; 0 bytes @ 0x0
   143                           
   144  0070                     ?_leerEntradasB:	
   145                           ; 0 bytes @ 0x0
   146                           
   147  0070                     ?_leerEntradasC:	
   148                           ; 0 bytes @ 0x0
   149                           
   150  0070                     ?_interrupciones:	
   151                           ; 0 bytes @ 0x0
   152                           
   153  0070                     ??_interrupciones:	
   154                           ; 0 bytes @ 0x0
   155                           
   156  0070                     ?_main:	
   157                           ; 0 bytes @ 0x0
   158                           
   159                           
   160                           ; 0 bytes @ 0x0
   161  0070                     	ds	2
   162  0072                     ??_configPorts:	
   163  0072                     ??_configInterrupts:	
   164                           ; 0 bytes @ 0x2
   165                           
   166  0072                     ??_configTimers:	
   167                           ; 0 bytes @ 0x2
   168                           
   169  0072                     ??_configADC:	
   170                           ; 0 bytes @ 0x2
   171                           
   172  0072                     ??_configCCP:	
   173                           ; 0 bytes @ 0x2
   174                           
   175  0072                     ??_configComparadores:	
   176                           ; 0 bytes @ 0x2
   177                           
   178  0072                     ??_configOscilador:	
   179                           ; 0 bytes @ 0x2
   180                           
   181  0072                     ??_configDevice:	
   182                           ; 0 bytes @ 0x2
   183                           
   184  0072                     ??_controlTiempos:	
   185                           ; 0 bytes @ 0x2
   186                           
   187  0072                     ??_leerEntradasB:	
   188                           ; 0 bytes @ 0x2
   189                           
   190  0072                     ??_leerEntradasC:	
   191                           ; 0 bytes @ 0x2
   192                           
   193  0072                     controlTiempos@this:	
   194                           ; 0 bytes @ 0x2
   195                           
   196  0072                     leerEntradasB@diferencia:	
   197                           ; 1 bytes @ 0x2
   198                           
   199  0072                     leerEntradasC@diferencia:	
   200                           ; 1 bytes @ 0x2
   201                           
   202                           
   203                           ; 1 bytes @ 0x2
   204  0072                     	ds	1
   205  0073                     leerEntradasB@auxiliarLectura:	
   206  0073                     leerEntradasC@auxiliarLectura:	
   207                           ; 1 bytes @ 0x3
   208                           
   209                           
   210                           ; 1 bytes @ 0x3
   211  0073                     	ds	1
   212  0074                     leerEntradasB@this:	
   213  0074                     leerEntradasC@this:	
   214                           ; 1 bytes @ 0x4
   215                           
   216                           
   217                           ; 1 bytes @ 0x4
   218  0074                     	ds	1
   219  0075                     ??_main:	
   220                           
   221                           	psect	maintext
   222  0124                     __pmaintext:	
   223                           ; 0 bytes @ 0x5
   224 ;;Data sizes: Strings 0, constant 0, data 0, bss 13, persistent 0 stack 0
   225 ;;Auto spaces:   Size  Autos    Used
   226 ;; COMMON          14      5       5
   227 ;; BANK0           80      0      13
   228 ;; BANK1           80      0       0
   229 ;; BANK3           96      0       0
   230 ;; BANK2           96      0       0
   231 ;;
   232 ;; Pointer list with targets:
   233 ;; leerEntradasC@this	PTR struct . size(1) Largest target is 13
   234 ;;		 -> montacargas(BANK0[13]), 
   235 ;;
   236 ;; leerEntradasB@this	PTR struct . size(1) Largest target is 13
   237 ;;		 -> montacargas(BANK0[13]), 
   238 ;;
   239 ;; controlTiempos@this	PTR struct . size(1) Largest target is 13
   240 ;;		 -> montacargas(BANK0[13]), 
   241 ;;
   242 ;;
   243 ;; Critical Paths under _main in COMMON
   244 ;;
   245 ;;   _main->_leerEntradasB
   246 ;;   _main->_leerEntradasC
   247 ;;
   248 ;; Critical Paths under _interrupciones in COMMON
   249 ;;
   250 ;;   None.
   251 ;;
   252 ;; Critical Paths under _main in BANK0
   253 ;;
   254 ;;   None.
   255 ;;
   256 ;; Critical Paths under _interrupciones in BANK0
   257 ;;
   258 ;;   None.
   259 ;;
   260 ;; Critical Paths under _main in BANK1
   261 ;;
   262 ;;   None.
   263 ;;
   264 ;; Critical Paths under _interrupciones in BANK1
   265 ;;
   266 ;;   None.
   267 ;;
   268 ;; Critical Paths under _main in BANK3
   269 ;;
   270 ;;   None.
   271 ;;
   272 ;; Critical Paths under _interrupciones in BANK3
   273 ;;
   274 ;;   None.
   275 ;;
   276 ;; Critical Paths under _main in BANK2
   277 ;;
   278 ;;   None.
   279 ;;
   280 ;; Critical Paths under _interrupciones in BANK2
   281 ;;
   282 ;;   None.
   283 ;;
   284 ;;Main: autosize = 0, tempsize = 0, incstack = 0, save=0
   285 ;;
   286 ;;
   287 ;;Call Graph Tables:
   288 ;;
   289 ;; ---------------------------------------------------------------------------------
   290 ;; (Depth) Function   	        Calls       Base Space   Used Autos Params    Refs
   291 ;; ---------------------------------------------------------------------------------
   292 ;; (0) _main                                                 0     0      0     824
   293 ;;                       _configDevice
   294 ;;                     _controlTiempos
   295 ;;                      _leerEntradasB
   296 ;;                      _leerEntradasC
   297 ;; ---------------------------------------------------------------------------------
   298 ;; (1) _configDevice                                         0     0      0       0
   299 ;;                        _configPorts
   300 ;;                   _configInterrupts
   301 ;;                       _configTimers
   302 ;;                          _configADC
   303 ;;                          _configCCP
   304 ;;                 _configComparadores
   305 ;;                    _configOscilador
   306 ;; ---------------------------------------------------------------------------------
   307 ;; (1) _leerEntradasC                                        3     3      0     313
   308 ;;                                              2 COMMON     3     3      0
   309 ;; ---------------------------------------------------------------------------------
   310 ;; (1) _leerEntradasB                                        3     3      0     313
   311 ;;                                              2 COMMON     3     3      0
   312 ;; ---------------------------------------------------------------------------------
   313 ;; (1) _controlTiempos                                       1     1      0     198
   314 ;;                                              2 COMMON     1     1      0
   315 ;; ---------------------------------------------------------------------------------
   316 ;; (2) _configOscilador                                      0     0      0       0
   317 ;; ---------------------------------------------------------------------------------
   318 ;; (2) _configComparadores                                   0     0      0       0
   319 ;; ---------------------------------------------------------------------------------
   320 ;; (2) _configCCP                                            0     0      0       0
   321 ;; ---------------------------------------------------------------------------------
   322 ;; (2) _configADC                                            0     0      0       0
   323 ;; ---------------------------------------------------------------------------------
   324 ;; (2) _configTimers                                         0     0      0       0
   325 ;; ---------------------------------------------------------------------------------
   326 ;; (2) _configInterrupts                                     0     0      0       0
   327 ;; ---------------------------------------------------------------------------------
   328 ;; (2) _configPorts                                          0     0      0       0
   329 ;; ---------------------------------------------------------------------------------
   330 ;; Estimated maximum stack depth 2
   331 ;; ---------------------------------------------------------------------------------
   332 ;; (Depth) Function   	        Calls       Base Space   Used Autos Params    Refs
   333 ;; ---------------------------------------------------------------------------------
   334 ;; (3) _interrupciones                                       2     2      0       0
   335 ;;                                              0 COMMON     2     2      0
   336 ;; ---------------------------------------------------------------------------------
   337 ;; Estimated maximum stack depth 3
   338 ;; ---------------------------------------------------------------------------------
   339 ;; Call Graph Graphs:
   340 ;; _main (ROOT)
   341 ;;   _configDevice
   342 ;;     _configPorts
   343 ;;     _configInterrupts
   344 ;;     _configTimers
   345 ;;     _configADC
   346 ;;     _configCCP
   347 ;;     _configComparadores
   348 ;;     _configOscilador
   349 ;;   _controlTiempos
   350 ;;   _leerEntradasB
   351 ;;   _leerEntradasC
   352 ;;
   353 ;; _interrupciones (ROOT)
   354 ;;
   355 ;; Address spaces:
   356 ;;Name               Size   Autos  Total    Cost      Usage
   357 ;;BITCOMMON            E      0       0       0        0.0%
   358 ;;EEDATA             100      0       0       0        0.0%
   359 ;;NULL                 0      0       0       0        0.0%
   360 ;;CODE                 0      0       0       0        0.0%
   361 ;;COMMON               E      5       5       1       35.7%
   362 ;;BITSFR0              0      0       0       1        0.0%
   363 ;;SFR0                 0      0       0       1        0.0%
   364 ;;BITSFR1              0      0       0       2        0.0%
   365 ;;SFR1                 0      0       0       2        0.0%
   366 ;;STACK                0      0       2       2        0.0%
   367 ;;ABS                  0      0      12       3        0.0%
   368 ;;BITBANK0            50      0       0       4        0.0%
   369 ;;BITSFR3              0      0       0       4        0.0%
   370 ;;SFR3                 0      0       0       4        0.0%
   371 ;;BANK0               50      0       D       5       16.3%
   372 ;;BITSFR2              0      0       0       5        0.0%
   373 ;;SFR2                 0      0       0       5        0.0%
   374 ;;BITBANK1            50      0       0       6        0.0%
   375 ;;BANK1               50      0       0       7        0.0%
   376 ;;BITBANK3            60      0       0       8        0.0%
   377 ;;BANK3               60      0       0       9        0.0%
   378 ;;BITBANK2            60      0       0      10        0.0%
   379 ;;BANK2               60      0       0      11        0.0%
   380 ;;DATA                 0      0      14      12        0.0%
   381                           
   382                           
   383 ;; *************** function _main *****************
   384 ;; Defined at:
   385 ;;		line 30 in file "../main.c"
   386 ;; Parameters:    Size  Location     Type
   387 ;;		None
   388 ;; Auto vars:     Size  Location     Type
   389 ;;		None
   390 ;; Return value:  Size  Location     Type
   391 ;;		None               void
   392 ;; Registers used:
   393 ;;		wreg, fsr0l, fsr0h, status,2, status,0, pclath, cstack
   394 ;; Tracked objects:
   395 ;;		On entry : 17F/0
   396 ;;		On exit  : 17F/0
   397 ;;		Unchanged: FFE80/0
   398 ;; Data sizes:     COMMON   BANK0   BANK1   BANK3   BANK2
   399 ;;      Params:         0       0       0       0       0
   400 ;;      Locals:         0       0       0       0       0
   401 ;;      Temps:          0       0       0       0       0
   402 ;;      Totals:         0       0       0       0       0
   403 ;;Total ram usage:        0 bytes
   404 ;; Hardware stack levels required when called:    3
   405 ;; This function calls:
   406 ;;		_configDevice
   407 ;;		_controlTiempos
   408 ;;		_leerEntradasB
   409 ;;		_leerEntradasC
   410 ;; This function is called by:
   411 ;;		Startup code after reset
   412 ;; This function uses a non-reentrant model
   413 ;;
   414  0124                     _main:	
   415                           
   416                           ;main.c: 31: configDevice();
   417                           
   418                           ; Regs used in _main: [wreg-fsr0h+status,2+status,0+pclath+cstack]
   419  0124  120A  118A  200F   	fcall	_configDevice
      +       120A  118A         
   420  0129                     l4625:	
   421                           
   422                           ;main.c: 34: {
   423                           ;main.c: 36: if(montacargas.flags.inteTimer0)
   424  0129  1283               	bcf	3,5	;RP0=0, select bank0
   425  012A  1C21               	btfss	_montacargas+1,0
   426  012B  2932               	goto	l4629
   427                           
   428                           ;main.c: 37: {
   429                           ;main.c: 38: controlTiempos(&montacargas);
   430  012C  3020               	movlw	_montacargas& (0+255)
   431  012D  120A  118A  20F9   	fcall	_controlTiempos
      +       120A  118A         
   432  0132                     l4629:	
   433                           
   434                           ;main.c: 39: }
   435                           ;main.c: 42: if(montacargas.flags.leerEntradasB)
   436  0132  1CA1               	btfss	_montacargas+1,1
   437  0133  293A               	goto	l4633
   438                           
   439                           ;main.c: 43: {
   440                           ;main.c: 44: leerEntradasB(&montacargas);
   441  0134  3020               	movlw	_montacargas& (0+255)
   442  0135  120A  118A  20BA   	fcall	_leerEntradasB
      +       120A  118A         
   443  013A                     l4633:	
   444                           
   445                           ;main.c: 45: }
   446                           ;main.c: 47: if(montacargas.flags.leerEntradasC)
   447  013A  1D21               	btfss	_montacargas+1,2
   448  013B  2942               	goto	l4637
   449                           
   450                           ;main.c: 48: {
   451                           ;main.c: 49: leerEntradasC(&montacargas);
   452  013C  3020               	movlw	_montacargas& (0+255)
   453  013D  120A  118A  207B   	fcall	_leerEntradasC
      +       120A  118A         
   454  0142                     l4637:	
   455                           
   456                           ;main.c: 50: }
   457                           ;main.c: 53: if(montacargas.entradaB.in1==1)
   458  0142  1C26               	btfss	_montacargas+6,0
   459  0143  2946               	goto	l2970
   460                           
   461                           ;main.c: 54: {
   462                           ;main.c: 55: RA2=1;
   463  0144  1505               	bsf	5,2
   464                           
   465                           ;main.c: 56: }
   466  0145  2929               	goto	l4625
   467  0146                     l2970:	
   468                           
   469                           ;main.c: 57: else
   470                           ;main.c: 58: {
   471                           ;main.c: 59: RA2=0;
   472  0146  1105               	bcf	5,2
   473  0147  2929               	goto	l4625
   474  0148                     __end_of_main:	
   475                           
   476                           	psect	text281
   477  000F                     __ptext281:	
   478 ;; =============== function _main ends ============
   479                           
   480                           
   481 ;; *************** function _configDevice *****************
   482 ;; Defined at:
   483 ;;		line 4 in file "../config.c"
   484 ;; Parameters:    Size  Location     Type
   485 ;;		None
   486 ;; Auto vars:     Size  Location     Type
   487 ;;		None
   488 ;; Return value:  Size  Location     Type
   489 ;;		None               void
   490 ;; Registers used:
   491 ;;		wreg, status,2, status,0, pclath, cstack
   492 ;; Tracked objects:
   493 ;;		On entry : 17F/0
   494 ;;		On exit  : 17F/20
   495 ;;		Unchanged: FFE80/0
   496 ;; Data sizes:     COMMON   BANK0   BANK1   BANK3   BANK2
   497 ;;      Params:         0       0       0       0       0
   498 ;;      Locals:         0       0       0       0       0
   499 ;;      Temps:          0       0       0       0       0
   500 ;;      Totals:         0       0       0       0       0
   501 ;;Total ram usage:        0 bytes
   502 ;; Hardware stack levels used:    1
   503 ;; Hardware stack levels required when called:    2
   504 ;; This function calls:
   505 ;;		_configPorts
   506 ;;		_configInterrupts
   507 ;;		_configTimers
   508 ;;		_configADC
   509 ;;		_configCCP
   510 ;;		_configComparadores
   511 ;;		_configOscilador
   512 ;; This function is called by:
   513 ;;		_main
   514 ;; This function uses a non-reentrant model
   515 ;;
   516  000F                     _configDevice:	
   517                           
   518                           ;config.c: 5: configPorts();
   519                           
   520                           ; Regs used in _configDevice: [wreg+status,2+status,0+pclath+cstack]
   521  000F  2022  120A  118A   	fcall	_configPorts
   522                           
   523                           ;config.c: 6: configInterrupts();
   524  0012  2035  120A  118A   	fcall	_configInterrupts
   525                           
   526                           ;config.c: 7: configTimers();
   527  0015  203F  120A  118A   	fcall	_configTimers
   528                           
   529                           ;config.c: 8: configADC();
   530  0018  205F  120A  118A   	fcall	_configADC
   531                           
   532                           ;config.c: 9: configCCP();
   533  001B  206B  120A  118A   	fcall	_configCCP
   534                           
   535                           ;config.c: 10: configComparadores();
   536  001E  2072  120A  118A   	fcall	_configComparadores
   537                           
   538                           ;config.c: 11: configOscilador();
   539  0021  2876               	ljmp	l4533
   540  0022                     __end_of_configDevice:	
   541  0022                     __ptext291:	
   542 ;; =============== function _configInterrupts ends ============
   543                           
   544                           
   545 ;; *************** function _configPorts *****************
   546 ;; Defined at:
   547 ;;		line 15 in file "../config.c"
   548 ;; Parameters:    Size  Location     Type
   549 ;;		None
   550 ;; Auto vars:     Size  Location     Type
   551 ;;		None
   552 ;; Return value:  Size  Location     Type
   553 ;;		None               void
   554 ;; Registers used:
   555 ;;		wreg, status,2
   556 ;; Tracked objects:
   557 ;;		On entry : 17F/0
   558 ;;		On exit  : 17F/20
   559 ;;		Unchanged: FFE80/0
   560 ;; Data sizes:     COMMON   BANK0   BANK1   BANK3   BANK2
   561 ;;      Params:         0       0       0       0       0
   562 ;;      Locals:         0       0       0       0       0
   563 ;;      Temps:          0       0       0       0       0
   564 ;;      Totals:         0       0       0       0       0
   565 ;;Total ram usage:        0 bytes
   566 ;; Hardware stack levels used:    1
   567 ;; Hardware stack levels required when called:    1
   568 ;; This function calls:
   569 ;;		Nothing
   570 ;; This function is called by:
   571 ;;		_configDevice
   572 ;; This function uses a non-reentrant model
   573 ;;
   574  0022                     _configPorts:	
   575                           
   576                           ;config.c: 18: PORTA = 0x00;
   577                           
   578                           ; Regs used in _configPorts: [wreg+status,2]
   579  0022  0185               	clrf	5	;volatile
   580                           
   581                           ;config.c: 19: TRISA = 0b00000000;
   582  0023  1683               	bsf	3,5	;RP0=1, select bank1
   583  0024  0185               	clrf	5	;volatile
   584                           
   585                           ;config.c: 20: ANSEL = 0x00;
   586  0025  1703               	bsf	3,6	;RP1=1, select bank3
   587  0026  0188               	clrf	8	;volatile
   588                           
   589                           ;config.c: 21: ANSELH = 0x00;
   590  0027  0189               	clrf	9	;volatile
   591                           
   592                           ;config.c: 24: PORTB = 0x00;
   593  0028  1283               	bcf	3,5	;RP0=0, select bank0
   594  0029  1303               	bcf	3,6	;RP1=0, select bank0
   595  002A  0186               	clrf	6	;volatile
   596                           
   597                           ;config.c: 25: TRISB = 0b00011111;
   598  002B  301F               	movlw	31
   599  002C  1683               	bsf	3,5	;RP0=1, select bank1
   600  002D  0086               	movwf	6	;volatile
   601                           
   602                           ;config.c: 26: nRBPU = 1;
   603  002E  1781               	bsf	1,7
   604                           
   605                           ;config.c: 30: PORTC = 0x00;
   606  002F  1283               	bcf	3,5	;RP0=0, select bank0
   607  0030  0187               	clrf	7	;volatile
   608                           
   609                           ;config.c: 31: TRISC = 0b00000111;
   610  0031  3007               	movlw	7
   611  0032  1683               	bsf	3,5	;RP0=1, select bank1
   612  0033  0087               	movwf	7	;volatile
   613  0034  0008               	return
   614  0035                     __end_of_configPorts:	
   615  0035                     __ptext290:	
   616 ;; =============== function _configTimers ends ============
   617                           
   618                           
   619 ;; *************** function _configInterrupts *****************
   620 ;; Defined at:
   621 ;;		line 35 in file "../config.c"
   622 ;; Parameters:    Size  Location     Type
   623 ;;		None
   624 ;; Auto vars:     Size  Location     Type
   625 ;;		None
   626 ;; Return value:  Size  Location     Type
   627 ;;		None               void
   628 ;; Registers used:
   629 ;;		None
   630 ;; Tracked objects:
   631 ;;		On entry : 17F/20
   632 ;;		On exit  : 17F/20
   633 ;;		Unchanged: FFE80/0
   634 ;; Data sizes:     COMMON   BANK0   BANK1   BANK3   BANK2
   635 ;;      Params:         0       0       0       0       0
   636 ;;      Locals:         0       0       0       0       0
   637 ;;      Temps:          0       0       0       0       0
   638 ;;      Totals:         0       0       0       0       0
   639 ;;Total ram usage:        0 bytes
   640 ;; Hardware stack levels used:    1
   641 ;; Hardware stack levels required when called:    1
   642 ;; This function calls:
   643 ;;		Nothing
   644 ;; This function is called by:
   645 ;;		_configDevice
   646 ;; This function uses a non-reentrant model
   647 ;;
   648  0035                     _configInterrupts:	
   649                           
   650                           ;config.c: 36: GIE = 1;
   651                           
   652                           ; Regs used in _configInterrupts: []
   653  0035  178B               	bsf	11,7
   654                           
   655                           ;config.c: 37: PEIE = 0;
   656  0036  130B               	bcf	11,6
   657                           
   658                           ;config.c: 38: T0IE = 1;
   659  0037  168B               	bsf	11,5
   660                           
   661                           ;config.c: 39: INTE = 0;
   662  0038  120B               	bcf	11,4
   663                           
   664                           ;config.c: 40: RBIE = 0;
   665  0039  118B               	bcf	11,3
   666                           
   667                           ;config.c: 41: T0IF = 0;
   668  003A  110B               	bcf	11,2
   669                           
   670                           ;config.c: 42: INTF = 0;
   671  003B  108B               	bcf	11,1
   672                           
   673                           ;config.c: 43: RBIF = 0;
   674  003C  100B               	bcf	11,0
   675                           
   676                           ;config.c: 45: INTEDG = 1;
   677  003D  1701               	bsf	1,6
   678  003E  0008               	return
   679  003F                     __end_of_configInterrupts:	
   680  003F                     __ptext289:	
   681 ;; =============== function _configADC ends ============
   682                           
   683                           
   684 ;; *************** function _configTimers *****************
   685 ;; Defined at:
   686 ;;		line 58 in file "../config.c"
   687 ;; Parameters:    Size  Location     Type
   688 ;;		None
   689 ;; Auto vars:     Size  Location     Type
   690 ;;		None
   691 ;; Return value:  Size  Location     Type
   692 ;;		None               void
   693 ;; Registers used:
   694 ;;		wreg, status,2
   695 ;; Tracked objects:
   696 ;;		On entry : 17F/20
   697 ;;		On exit  : 17F/0
   698 ;;		Unchanged: FFE80/0
   699 ;; Data sizes:     COMMON   BANK0   BANK1   BANK3   BANK2
   700 ;;      Params:         0       0       0       0       0
   701 ;;      Locals:         0       0       0       0       0
   702 ;;      Temps:          0       0       0       0       0
   703 ;;      Totals:         0       0       0       0       0
   704 ;;Total ram usage:        0 bytes
   705 ;; Hardware stack levels used:    1
   706 ;; Hardware stack levels required when called:    1
   707 ;; This function calls:
   708 ;;		Nothing
   709 ;; This function is called by:
   710 ;;		_configDevice
   711 ;; This function uses a non-reentrant model
   712 ;;
   713  003F                     _configTimers:	
   714  003F  3005               	movlw	5
   715                           
   716                           ;config.c: 61: T0CS = 0;
   717                           
   718                           ; Regs used in _configTimers: [wreg+status,2]
   719  0040  1281               	bcf	1,5
   720                           
   721                           ;config.c: 62: T0SE = 1;
   722  0041  1601               	bsf	1,4
   723                           
   724                           ;config.c: 63: PSA = 0;
   725  0042  1181               	bcf	1,3
   726                           
   727                           ;config.c: 64: PS2 = 0;
   728  0043  1101               	bcf	1,2
   729                           
   730                           ;config.c: 65: PS1 = 0;
   731  0044  1081               	bcf	1,1
   732                           
   733                           ;config.c: 66: PS0 = 1;
   734  0045  1401               	bsf	1,0
   735                           
   736                           ;config.c: 67: TMR0=5;
   737  0046  1283               	bcf	3,5	;RP0=0, select bank0
   738  0047  0081               	movwf	1	;volatile
   739                           
   740                           ;config.c: 71: T1CKPS1 = 1;
   741  0048  1690               	bsf	16,5
   742                           
   743                           ;config.c: 72: T1CKPS0 = 1;
   744  0049  1610               	bsf	16,4
   745                           
   746                           ;config.c: 73: T1OSCEN = 0;
   747  004A  1190               	bcf	16,3
   748                           
   749                           ;config.c: 74: nT1SYNC = 1;
   750  004B  1510               	bsf	16,2
   751                           
   752                           ;config.c: 75: TMR1CS = 0;
   753  004C  1090               	bcf	16,1
   754                           
   755                           ;config.c: 76: TMR1IE = 0;
   756  004D  1683               	bsf	3,5	;RP0=1, select bank1
   757  004E  100C               	bcf	12,0
   758                           
   759                           ;config.c: 77: TMR1ON = 0;
   760  004F  1283               	bcf	3,5	;RP0=0, select bank0
   761  0050  1010               	bcf	16,0
   762                           
   763                           ;config.c: 78: TMR1L = 0x00;
   764  0051  018E               	clrf	14	;volatile
   765                           
   766                           ;config.c: 79: TMR1H = 0x00;
   767  0052  018F               	clrf	15	;volatile
   768                           
   769                           ;config.c: 82: TMR2IE = 0;
   770  0053  1683               	bsf	3,5	;RP0=1, select bank1
   771  0054  108C               	bcf	12,1
   772                           
   773                           ;config.c: 83: TOUTPS3 = 0;
   774  0055  1283               	bcf	3,5	;RP0=0, select bank0
   775  0056  1312               	bcf	18,6
   776                           
   777                           ;config.c: 84: TOUTPS2 = 0;
   778  0057  1292               	bcf	18,5
   779                           
   780                           ;config.c: 85: TOUTPS1 = 0;
   781  0058  1212               	bcf	18,4
   782                           
   783                           ;config.c: 86: TOUTPS0 = 1;
   784  0059  1592               	bsf	18,3
   785                           
   786                           ;config.c: 87: TMR2ON = 0;
   787  005A  1112               	bcf	18,2
   788                           
   789                           ;config.c: 88: T2CKPS1 = 1;
   790  005B  1492               	bsf	18,1
   791                           
   792                           ;config.c: 89: T2CKPS0 = 1;
   793  005C  1412               	bsf	18,0
   794                           
   795                           ;config.c: 90: TMR2 = 0;
   796  005D  0191               	clrf	17	;volatile
   797  005E  0008               	return
   798  005F                     __end_of_configTimers:	
   799  005F                     __ptext288:	
   800 ;; =============== function _configCCP ends ============
   801                           
   802                           
   803 ;; *************** function _configADC *****************
   804 ;; Defined at:
   805 ;;		line 107 in file "../config.c"
   806 ;; Parameters:    Size  Location     Type
   807 ;;		None
   808 ;; Auto vars:     Size  Location     Type
   809 ;;		None
   810 ;; Return value:  Size  Location     Type
   811 ;;		None               void
   812 ;; Registers used:
   813 ;;		wreg
   814 ;; Tracked objects:
   815 ;;		On entry : 17F/0
   816 ;;		On exit  : 17F/0
   817 ;;		Unchanged: FFE80/0
   818 ;; Data sizes:     COMMON   BANK0   BANK1   BANK3   BANK2
   819 ;;      Params:         0       0       0       0       0
   820 ;;      Locals:         0       0       0       0       0
   821 ;;      Temps:          0       0       0       0       0
   822 ;;      Totals:         0       0       0       0       0
   823 ;;Total ram usage:        0 bytes
   824 ;; Hardware stack levels used:    1
   825 ;; Hardware stack levels required when called:    1
   826 ;; This function calls:
   827 ;;		Nothing
   828 ;; This function is called by:
   829 ;;		_configDevice
   830 ;; This function uses a non-reentrant model
   831 ;;
   832  005F                     _configADC:	
   833                           
   834                           ;config.c: 110: ADCON0 = 0b10000000;
   835                           
   836                           ; Regs used in _configADC: [wreg]
   837  005F  3080               	movlw	128
   838  0060  009F               	movwf	31	;volatile
   839                           
   840                           ;config.c: 111: ADCON1 = 0b10000000;
   841  0061  1683               	bsf	3,5	;RP0=1, select bank1
   842  0062  009F               	movwf	31	;volatile
   843                           
   844                           ;config.c: 113: VCFG1 = 0;
   845  0063  129F               	bcf	31,5
   846                           
   847                           ;config.c: 114: VCFG0 = 0;
   848  0064  121F               	bcf	31,4
   849                           
   850                           ;config.c: 116: CHS0 = 0;
   851  0065  1283               	bcf	3,5	;RP0=0, select bank0
   852  0066  111F               	bcf	31,2
   853                           
   854                           ;config.c: 117: CHS1 = 0;
   855  0067  119F               	bcf	31,3
   856                           
   857                           ;config.c: 118: CHS2 = 0;
   858  0068  121F               	bcf	31,4
   859                           
   860                           ;config.c: 119: CHS3 = 0;
   861  0069  129F               	bcf	31,5
   862  006A  0008               	return
   863  006B                     __end_of_configADC:	
   864  006B                     __ptext287:	
   865 ;; =============== function _configComparadores ends ============
   866                           
   867                           
   868 ;; *************** function _configCCP *****************
   869 ;; Defined at:
   870 ;;		line 49 in file "../config.c"
   871 ;; Parameters:    Size  Location     Type
   872 ;;		None
   873 ;; Auto vars:     Size  Location     Type
   874 ;;		None
   875 ;; Return value:  Size  Location     Type
   876 ;;		None               void
   877 ;; Registers used:
   878 ;;		status,2
   879 ;; Tracked objects:
   880 ;;		On entry : 17F/0
   881 ;;		On exit  : 17F/0
   882 ;;		Unchanged: FFE80/0
   883 ;; Data sizes:     COMMON   BANK0   BANK1   BANK3   BANK2
   884 ;;      Params:         0       0       0       0       0
   885 ;;      Locals:         0       0       0       0       0
   886 ;;      Temps:          0       0       0       0       0
   887 ;;      Totals:         0       0       0       0       0
   888 ;;Total ram usage:        0 bytes
   889 ;; Hardware stack levels used:    1
   890 ;; Hardware stack levels required when called:    1
   891 ;; This function calls:
   892 ;;		Nothing
   893 ;; This function is called by:
   894 ;;		_configDevice
   895 ;; This function uses a non-reentrant model
   896 ;;
   897  006B                     _configCCP:	
   898                           
   899                           ;config.c: 51: CCP1IE = 0;
   900                           
   901                           ; Regs used in _configCCP: [status,2]
   902  006B  1683               	bsf	3,5	;RP0=1, select bank1
   903  006C  110C               	bcf	12,2
   904                           
   905                           ;config.c: 52: CCP2IE = 0;
   906  006D  100D               	bcf	13,0
   907                           
   908                           ;config.c: 53: CCP1CON = 0x00;
   909  006E  1283               	bcf	3,5	;RP0=0, select bank0
   910  006F  0197               	clrf	23	;volatile
   911                           
   912                           ;config.c: 54: CCP2CON = 0x00;
   913  0070  019D               	clrf	29	;volatile
   914  0071  0008               	return
   915  0072                     __end_of_configCCP:	
   916  0072                     __ptext286:	
   917 ;; =============== function _configOscilador ends ============
   918                           
   919                           
   920 ;; *************** function _configComparadores *****************
   921 ;; Defined at:
   922 ;;		line 94 in file "../config.c"
   923 ;; Parameters:    Size  Location     Type
   924 ;;		None
   925 ;; Auto vars:     Size  Location     Type
   926 ;;		None
   927 ;; Return value:  Size  Location     Type
   928 ;;		None               void
   929 ;; Registers used:
   930 ;;		status,2
   931 ;; Tracked objects:
   932 ;;		On entry : 17F/0
   933 ;;		On exit  : 17F/40
   934 ;;		Unchanged: FFE80/0
   935 ;; Data sizes:     COMMON   BANK0   BANK1   BANK3   BANK2
   936 ;;      Params:         0       0       0       0       0
   937 ;;      Locals:         0       0       0       0       0
   938 ;;      Temps:          0       0       0       0       0
   939 ;;      Totals:         0       0       0       0       0
   940 ;;Total ram usage:        0 bytes
   941 ;; Hardware stack levels used:    1
   942 ;; Hardware stack levels required when called:    1
   943 ;; This function calls:
   944 ;;		Nothing
   945 ;; This function is called by:
   946 ;;		_configDevice
   947 ;; This function uses a non-reentrant model
   948 ;;
   949  0072                     _configComparadores:	
   950                           
   951                           ;config.c: 97: CM1CON0 = 0b00000000;
   952                           
   953                           ; Regs used in _configComparadores: [status,2]
   954  0072  1703               	bsf	3,6	;RP1=1, select bank2
   955  0073  0187               	clrf	7	;volatile
   956                           
   957                           ;config.c: 98: CM2CON0 = 0x00;
   958  0074  0188               	clrf	8	;volatile
   959  0075  0008               	return
   960  0076                     __end_of_configComparadores:	
   961  0076                     __ptext285:	
   962 ;; =============== function _controlTiempos ends ============
   963                           
   964                           
   965 ;; *************** function _configOscilador *****************
   966 ;; Defined at:
   967 ;;		line 102 in file "../config.c"
   968 ;; Parameters:    Size  Location     Type
   969 ;;		None
   970 ;; Auto vars:     Size  Location     Type
   971 ;;		None
   972 ;; Return value:  Size  Location     Type
   973 ;;		None               void
   974 ;; Registers used:
   975 ;;		wreg
   976 ;; Tracked objects:
   977 ;;		On entry : 17F/40
   978 ;;		On exit  : 17F/20
   979 ;;		Unchanged: FFE80/0
   980 ;; Data sizes:     COMMON   BANK0   BANK1   BANK3   BANK2
   981 ;;      Params:         0       0       0       0       0
   982 ;;      Locals:         0       0       0       0       0
   983 ;;      Temps:          0       0       0       0       0
   984 ;;      Totals:         0       0       0       0       0
   985 ;;Total ram usage:        0 bytes
   986 ;; Hardware stack levels used:    1
   987 ;; Hardware stack levels required when called:    1
   988 ;; This function calls:
   989 ;;		Nothing
   990 ;; This function is called by:
   991 ;;		_configDevice
   992 ;; This function uses a non-reentrant model
   993 ;;
   994  0076                     _configOscilador:	
   995  0076                     l4533:	
   996                           ; Regs used in _configOscilador: [wreg]
   997                           
   998                           
   999                           ;config.c: 103: OSCCON = 0b01110000;
  1000  0076  3070               	movlw	112
  1001  0077  1683               	bsf	3,5	;RP0=1, select bank1
  1002  0078  1303               	bcf	3,6	;RP1=0, select bank1
  1003  0079  008F               	movwf	15	;volatile
  1004  007A  0008               	return
  1005  007B                     __end_of_configOscilador:	
  1006                           
  1007                           	psect	text282
  1008  007B                     __ptext282:	
  1009 ;; =============== function _configDevice ends ============
  1010                           
  1011                           
  1012 ;; *************** function _leerEntradasC *****************
  1013 ;; Defined at:
  1014 ;;		line 64 in file "../funciones.c"
  1015 ;; Parameters:    Size  Location     Type
  1016 ;;  this            1    wreg     PTR struct .
  1017 ;;		 -> montacargas(13), 
  1018 ;; Auto vars:     Size  Location     Type
  1019 ;;  this            1    4[COMMON] PTR struct .
  1020 ;;		 -> montacargas(13), 
  1021 ;;  auxiliarLect    1    3[COMMON] unsigned char 
  1022 ;;  diferencia      1    2[COMMON] unsigned char 
  1023 ;; Return value:  Size  Location     Type
  1024 ;;		None               void
  1025 ;; Registers used:
  1026 ;;		wreg, fsr0l, fsr0h, status,2, status,0
  1027 ;; Tracked objects:
  1028 ;;		On entry : 17F/0
  1029 ;;		On exit  : 17F/0
  1030 ;;		Unchanged: FFE80/0
  1031 ;; Data sizes:     COMMON   BANK0   BANK1   BANK3   BANK2
  1032 ;;      Params:         0       0       0       0       0
  1033 ;;      Locals:         3       0       0       0       0
  1034 ;;      Temps:          0       0       0       0       0
  1035 ;;      Totals:         3       0       0       0       0
  1036 ;;Total ram usage:        3 bytes
  1037 ;; Hardware stack levels used:    1
  1038 ;; Hardware stack levels required when called:    1
  1039 ;; This function calls:
  1040 ;;		Nothing
  1041 ;; This function is called by:
  1042 ;;		_main
  1043 ;; This function uses a non-reentrant model
  1044 ;;
  1045  007B                     _leerEntradasC:	
  1046                           
  1047                           ; Regs used in _leerEntradasC: [wreg-fsr0h+status,2+status,0]
  1048                           ;leerEntradasC@this stored from wreg
  1049  007B  00F4               	movwf	leerEntradasC@this
  1050                           
  1051                           ;funciones.c: 65: uint8_t auxiliarLectura;
  1052                           ;funciones.c: 66: uint8_t diferencia;
  1053                           ;funciones.c: 68: this->flags.leerEntradasC = 0;
  1054  007C  3E01               	addlw	1
  1055  007D  0084               	movwf	4
  1056  007E  1100               	bcf	0,2
  1057                           
  1058                           ;funciones.c: 70: if (!this->flags.primeraLecturaC)
  1059  007F  0874               	movf	leerEntradasC@this,w
  1060  0080  3E01               	addlw	1
  1061  0081  0084               	movwf	4
  1062  0082  1A00               	btfsc	0,4
  1063  0083  2892               	goto	l4583
  1064                           
  1065                           ;funciones.c: 71: {
  1066                           ;funciones.c: 72: this->flags.primeraLecturaC = 1;
  1067  0084  0874               	movf	leerEntradasC@this,w
  1068  0085  3E01               	addlw	1
  1069  0086  0084               	movwf	4
  1070  0087  1600               	bsf	0,4
  1071                           
  1072                           ;funciones.c: 73: this->entradaC.entradas = PORTC & 0X07;
  1073  0088  0874               	movf	leerEntradasC@this,w
  1074  0089  3E08               	addlw	8
  1075  008A  0084               	movwf	4
  1076  008B  0807               	movf	7,w
  1077  008C  0080               	movwf	0
  1078  008D  0874               	movf	leerEntradasC@this,w
  1079  008E  3E08               	addlw	8
  1080  008F  0084               	movwf	4
  1081  0090  3007               	movlw	7
  1082  0091  0580               	andwf	0,f
  1083  0092                     l4583:	
  1084                           
  1085                           ;funciones.c: 74: }
  1086                           ;funciones.c: 76: auxiliarLectura = PORTC & 0X07;
  1087  0092  0807               	movf	7,w
  1088  0093  00F3               	movwf	leerEntradasC@auxiliarLectura
  1089  0094  3007               	movlw	7
  1090  0095  05F3               	andwf	leerEntradasC@auxiliarLectura,f
  1091                           
  1092                           ;funciones.c: 77: diferencia = this->entradaC.entradas - auxiliarLectura;
  1093  0096  0874               	movf	leerEntradasC@this,w
  1094  0097  3E08               	addlw	8
  1095  0098  0084               	movwf	4
  1096  0099  0873               	movf	leerEntradasC@auxiliarLectura,w
  1097  009A  0200               	subwf	0,w
  1098  009B  00F2               	movwf	leerEntradasC@diferencia
  1099                           
  1100                           ;funciones.c: 79: if (diferencia == 0)
  1101  009C  08F2               	movf	leerEntradasC@diferencia,f
  1102  009D  1D03               	skipz
  1103  009E  28B4               	goto	l4597
  1104                           
  1105                           ;funciones.c: 80: {
  1106                           ;funciones.c: 81: this->contador.antirebote++;
  1107  009F  0874               	movf	leerEntradasC@this,w
  1108  00A0  3E0A               	addlw	10
  1109  00A1  0084               	movwf	4
  1110  00A2  0A80               	incf	0,f
  1111                           
  1112                           ;funciones.c: 82: if (this->contador.antirebote == 30)
  1113  00A3  0874               	movf	leerEntradasC@this,w
  1114  00A4  3E0A               	addlw	10
  1115  00A5  0084               	movwf	4
  1116  00A6  0800               	movf	0,w
  1117  00A7  3A1E               	xorlw	30
  1118  00A8  1D03               	skipz
  1119  00A9  0008               	return
  1120                           
  1121                           ;funciones.c: 83: {
  1122                           ;funciones.c: 84: this->contador.antirebote = 0;
  1123  00AA  0874               	movf	leerEntradasC@this,w
  1124  00AB  3E0A               	addlw	10
  1125  00AC  0084               	movwf	4
  1126  00AD  0180               	clrf	0
  1127                           
  1128                           ;funciones.c: 85: this->entradaC.entradas = auxiliarLectura;
  1129  00AE  0874               	movf	leerEntradasC@this,w
  1130  00AF  3E08               	addlw	8
  1131  00B0  0084               	movwf	4
  1132  00B1  0873               	movf	leerEntradasC@auxiliarLectura,w
  1133  00B2  0080               	movwf	0
  1134  00B3  0008               	return
  1135  00B4                     l4597:	
  1136                           
  1137                           ;funciones.c: 91: diferencia = 0;
  1138  00B4  01F2               	clrf	leerEntradasC@diferencia
  1139                           
  1140                           ;funciones.c: 92: this->flags.primeraLecturaC = 0;
  1141  00B5  0874               	movf	leerEntradasC@this,w
  1142  00B6  3E01               	addlw	1
  1143  00B7  0084               	movwf	4
  1144  00B8  1200               	bcf	0,4
  1145  00B9  0008               	return
  1146  00BA                     __end_of_leerEntradasC:	
  1147                           
  1148                           	psect	text283
  1149  00BA                     __ptext283:	
  1150 ;; =============== function _leerEntradasC ends ============
  1151                           
  1152                           
  1153 ;; *************** function _leerEntradasB *****************
  1154 ;; Defined at:
  1155 ;;		line 30 in file "../funciones.c"
  1156 ;; Parameters:    Size  Location     Type
  1157 ;;  this            1    wreg     PTR struct .
  1158 ;;		 -> montacargas(13), 
  1159 ;; Auto vars:     Size  Location     Type
  1160 ;;  this            1    4[COMMON] PTR struct .
  1161 ;;		 -> montacargas(13), 
  1162 ;;  auxiliarLect    1    3[COMMON] unsigned char 
  1163 ;;  diferencia      1    2[COMMON] unsigned char 
  1164 ;; Return value:  Size  Location     Type
  1165 ;;		None               void
  1166 ;; Registers used:
  1167 ;;		wreg, fsr0l, fsr0h, status,2, status,0
  1168 ;; Tracked objects:
  1169 ;;		On entry : 17F/0
  1170 ;;		On exit  : 17F/0
  1171 ;;		Unchanged: FFE80/0
  1172 ;; Data sizes:     COMMON   BANK0   BANK1   BANK3   BANK2
  1173 ;;      Params:         0       0       0       0       0
  1174 ;;      Locals:         3       0       0       0       0
  1175 ;;      Temps:          0       0       0       0       0
  1176 ;;      Totals:         3       0       0       0       0
  1177 ;;Total ram usage:        3 bytes
  1178 ;; Hardware stack levels used:    1
  1179 ;; Hardware stack levels required when called:    1
  1180 ;; This function calls:
  1181 ;;		Nothing
  1182 ;; This function is called by:
  1183 ;;		_main
  1184 ;; This function uses a non-reentrant model
  1185 ;;
  1186  00BA                     _leerEntradasB:	
  1187                           
  1188                           ; Regs used in _leerEntradasB: [wreg-fsr0h+status,2+status,0]
  1189                           ;leerEntradasB@this stored from wreg
  1190  00BA  00F4               	movwf	leerEntradasB@this
  1191                           
  1192                           ;funciones.c: 31: uint8_t auxiliarLectura;
  1193                           ;funciones.c: 32: uint8_t diferencia;
  1194                           ;funciones.c: 34: this->flags.leerEntradasB = 0;
  1195  00BB  3E01               	addlw	1
  1196  00BC  0084               	movwf	4
  1197  00BD  1080               	bcf	0,1
  1198                           
  1199                           ;funciones.c: 36: if (!this->flags.primeraLecturaB)
  1200  00BE  0874               	movf	leerEntradasB@this,w
  1201  00BF  3E01               	addlw	1
  1202  00C0  0084               	movwf	4
  1203  00C1  1980               	btfsc	0,3
  1204  00C2  28D1               	goto	l4559
  1205                           
  1206                           ;funciones.c: 37: {
  1207                           ;funciones.c: 38: this->flags.primeraLecturaB = 1;
  1208  00C3  0874               	movf	leerEntradasB@this,w
  1209  00C4  3E01               	addlw	1
  1210  00C5  0084               	movwf	4
  1211  00C6  1580               	bsf	0,3
  1212                           
  1213                           ;funciones.c: 39: this->entradaB.entradas = PORTB & 0X1F;
  1214  00C7  0874               	movf	leerEntradasB@this,w
  1215  00C8  3E06               	addlw	6
  1216  00C9  0084               	movwf	4
  1217  00CA  0806               	movf	6,w
  1218  00CB  0080               	movwf	0
  1219  00CC  0874               	movf	leerEntradasB@this,w
  1220  00CD  3E06               	addlw	6
  1221  00CE  0084               	movwf	4
  1222  00CF  301F               	movlw	31
  1223  00D0  0580               	andwf	0,f
  1224  00D1                     l4559:	
  1225                           
  1226                           ;funciones.c: 40: }
  1227                           ;funciones.c: 42: auxiliarLectura = PORTB & 0X1F;
  1228  00D1  0806               	movf	6,w
  1229  00D2  00F3               	movwf	leerEntradasB@auxiliarLectura
  1230  00D3  301F               	movlw	31
  1231  00D4  05F3               	andwf	leerEntradasB@auxiliarLectura,f
  1232                           
  1233                           ;funciones.c: 43: diferencia = this->entradaB.entradas - auxiliarLectura;
  1234  00D5  0874               	movf	leerEntradasB@this,w
  1235  00D6  3E06               	addlw	6
  1236  00D7  0084               	movwf	4
  1237  00D8  0873               	movf	leerEntradasB@auxiliarLectura,w
  1238  00D9  0200               	subwf	0,w
  1239  00DA  00F2               	movwf	leerEntradasB@diferencia
  1240                           
  1241                           ;funciones.c: 45: if (diferencia == 0)
  1242  00DB  08F2               	movf	leerEntradasB@diferencia,f
  1243  00DC  1D03               	skipz
  1244  00DD  28F3               	goto	l4573
  1245                           
  1246                           ;funciones.c: 46: {
  1247                           ;funciones.c: 47: this->contador.antirebote++;
  1248  00DE  0874               	movf	leerEntradasB@this,w
  1249  00DF  3E0A               	addlw	10
  1250  00E0  0084               	movwf	4
  1251  00E1  0A80               	incf	0,f
  1252                           
  1253                           ;funciones.c: 48: if (this->contador.antirebote == 30)
  1254  00E2  0874               	movf	leerEntradasB@this,w
  1255  00E3  3E0A               	addlw	10
  1256  00E4  0084               	movwf	4
  1257  00E5  0800               	movf	0,w
  1258  00E6  3A1E               	xorlw	30
  1259  00E7  1D03               	skipz
  1260  00E8  0008               	return
  1261                           
  1262                           ;funciones.c: 49: {
  1263                           ;funciones.c: 50: this->contador.antirebote = 0;
  1264  00E9  0874               	movf	leerEntradasB@this,w
  1265  00EA  3E0A               	addlw	10
  1266  00EB  0084               	movwf	4
  1267  00EC  0180               	clrf	0
  1268                           
  1269                           ;funciones.c: 51: this->entradaB.entradas = auxiliarLectura;
  1270  00ED  0874               	movf	leerEntradasB@this,w
  1271  00EE  3E06               	addlw	6
  1272  00EF  0084               	movwf	4
  1273  00F0  0873               	movf	leerEntradasB@auxiliarLectura,w
  1274  00F1  0080               	movwf	0
  1275  00F2  0008               	return
  1276  00F3                     l4573:	
  1277                           
  1278                           ;funciones.c: 57: diferencia = 0;
  1279  00F3  01F2               	clrf	leerEntradasB@diferencia
  1280                           
  1281                           ;funciones.c: 58: this->flags.primeraLecturaB = 0;
  1282  00F4  0874               	movf	leerEntradasB@this,w
  1283  00F5  3E01               	addlw	1
  1284  00F6  0084               	movwf	4
  1285  00F7  1180               	bcf	0,3
  1286  00F8  0008               	return
  1287  00F9                     __end_of_leerEntradasB:	
  1288                           
  1289                           	psect	text284
  1290  00F9                     __ptext284:	
  1291 ;; =============== function _leerEntradasB ends ============
  1292                           
  1293                           
  1294 ;; *************** function _controlTiempos *****************
  1295 ;; Defined at:
  1296 ;;		line 4 in file "../funciones.c"
  1297 ;; Parameters:    Size  Location     Type
  1298 ;;  this            1    wreg     PTR struct .
  1299 ;;		 -> montacargas(13), 
  1300 ;; Auto vars:     Size  Location     Type
  1301 ;;  this            1    2[COMMON] PTR struct .
  1302 ;;		 -> montacargas(13), 
  1303 ;; Return value:  Size  Location     Type
  1304 ;;		None               void
  1305 ;; Registers used:
  1306 ;;		wreg, fsr0l, fsr0h, status,2, status,0
  1307 ;; Tracked objects:
  1308 ;;		On entry : 17F/0
  1309 ;;		On exit  : 17F/0
  1310 ;;		Unchanged: FFE80/0
  1311 ;; Data sizes:     COMMON   BANK0   BANK1   BANK3   BANK2
  1312 ;;      Params:         0       0       0       0       0
  1313 ;;      Locals:         1       0       0       0       0
  1314 ;;      Temps:          0       0       0       0       0
  1315 ;;      Totals:         1       0       0       0       0
  1316 ;;Total ram usage:        1 bytes
  1317 ;; Hardware stack levels used:    1
  1318 ;; Hardware stack levels required when called:    1
  1319 ;; This function calls:
  1320 ;;		Nothing
  1321 ;; This function is called by:
  1322 ;;		_main
  1323 ;; This function uses a non-reentrant model
  1324 ;;
  1325  00F9                     _controlTiempos:	
  1326                           
  1327                           ; Regs used in _controlTiempos: [wreg-fsr0h+status,2+status,0]
  1328                           ;controlTiempos@this stored from wreg
  1329  00F9  00F2               	movwf	controlTiempos@this
  1330                           
  1331                           ;funciones.c: 5: this->flags.inteTimer0 = 0;
  1332  00FA  3E01               	addlw	1
  1333  00FB  0084               	movwf	4
  1334  00FC  1000               	bcf	0,0
  1335                           
  1336                           ;funciones.c: 7: this->tiempos.t500useg++;
  1337  00FD  0872               	movf	controlTiempos@this,w
  1338  00FE  3E02               	addlw	2
  1339  00FF  0084               	movwf	4
  1340  0100  0A80               	incf	0,f
  1341                           
  1342                           ;funciones.c: 9: if (this->tiempos.t500useg == 20)
  1343  0101  0872               	movf	controlTiempos@this,w
  1344  0102  3E02               	addlw	2
  1345  0103  0084               	movwf	4
  1346  0104  0800               	movf	0,w
  1347  0105  3A14               	xorlw	20
  1348  0106  1D03               	skipz
  1349  0107  0008               	return
  1350                           
  1351                           ;funciones.c: 10: {
  1352                           ;funciones.c: 11: this->tiempos.t500useg = 0;
  1353  0108  0872               	movf	controlTiempos@this,w
  1354  0109  3E02               	addlw	2
  1355  010A  0084               	movwf	4
  1356  010B  0180               	clrf	0
  1357                           
  1358                           ;funciones.c: 13: this->flags.leerEntradasB = 1;
  1359  010C  0872               	movf	controlTiempos@this,w
  1360  010D  3E01               	addlw	1
  1361  010E  0084               	movwf	4
  1362  010F  1480               	bsf	0,1
  1363                           
  1364                           ;funciones.c: 14: this->flags.leerEntradasC = 1;
  1365  0110  0872               	movf	controlTiempos@this,w
  1366  0111  3E01               	addlw	1
  1367  0112  0084               	movwf	4
  1368  0113  1500               	bsf	0,2
  1369                           
  1370                           ;funciones.c: 17: this->tiempos.t100mseg++;
  1371  0114  0872               	movf	controlTiempos@this,w
  1372  0115  3E03               	addlw	3
  1373  0116  0084               	movwf	4
  1374  0117  0A80               	incf	0,f
  1375                           
  1376                           ;funciones.c: 20: if (this->tiempos.t100mseg == 10)
  1377  0118  0872               	movf	controlTiempos@this,w
  1378  0119  3E03               	addlw	3
  1379  011A  0084               	movwf	4
  1380  011B  0800               	movf	0,w
  1381  011C  3A0A               	xorlw	10
  1382  011D  1D03               	skipz
  1383  011E  0008               	return
  1384                           
  1385                           ;funciones.c: 21: {
  1386                           ;funciones.c: 22: this->tiempos.t100mseg = 0;
  1387  011F  0872               	movf	controlTiempos@this,w
  1388  0120  3E03               	addlw	3
  1389  0121  0084               	movwf	4
  1390  0122  0180               	clrf	0
  1391  0123  0008               	return
  1392  0124                     __end_of_controlTiempos:	
  1393                           
  1394                           	psect	text292
  1395  0159                     __ptext292:	
  1396 ;; =============== function _configPorts ends ============
  1397                           
  1398                           
  1399 ;; *************** function _interrupciones *****************
  1400 ;; Defined at:
  1401 ;;		line 20 in file "../main.c"
  1402 ;; Parameters:    Size  Location     Type
  1403 ;;		None
  1404 ;; Auto vars:     Size  Location     Type
  1405 ;;		None
  1406 ;; Return value:  Size  Location     Type
  1407 ;;		None               void
  1408 ;; Registers used:
  1409 ;;		wreg
  1410 ;; Tracked objects:
  1411 ;;		On entry : 0/0
  1412 ;;		On exit  : 0/0
  1413 ;;		Unchanged: FFF9F/0
  1414 ;; Data sizes:     COMMON   BANK0   BANK1   BANK3   BANK2
  1415 ;;      Params:         0       0       0       0       0
  1416 ;;      Locals:         0       0       0       0       0
  1417 ;;      Temps:          2       0       0       0       0
  1418 ;;      Totals:         2       0       0       0       0
  1419 ;;Total ram usage:        2 bytes
  1420 ;; Hardware stack levels used:    1
  1421 ;; This function calls:
  1422 ;;		Nothing
  1423 ;; This function is called by:
  1424 ;;		Interrupt level 1
  1425 ;; This function uses a non-reentrant model
  1426 ;;
  1427  0159                     _interrupciones:	
  1428                           
  1429                           ;main.c: 21: if (TMR0IE && TMR0IF)
  1430  0159  1A8B               	btfsc	11,5
  1431  015A  1D0B               	btfss	11,2
  1432  015B  2962               	goto	i1l2963
  1433                           
  1434                           ;main.c: 22: {
  1435                           ;main.c: 23: TMR0IF = 0;
  1436  015C  110B               	bcf	11,2
  1437                           
  1438                           ;main.c: 24: montacargas.flags.inteTimer0 = 1;
  1439  015D  1283               	bcf	3,5	;RP0=0, select bank0
  1440  015E  1303               	bcf	3,6	;RP1=0, select bank0
  1441  015F  3005               	movlw	5
  1442  0160  1421               	bsf	_montacargas+1,0
  1443                           
  1444                           ;main.c: 25: TMR0 = 5;
  1445  0161  0081               	movwf	1	;volatile
  1446  0162                     i1l2963:	
  1447  0162  0871               	movf	??_interrupciones+1,w
  1448  0163  008A               	movwf	10
  1449  0164  0E70               	swapf	??_interrupciones^(0+-128),w
  1450  0165  0083               	movwf	3
  1451  0166  0EFE               	swapf	126,f
  1452  0167  0E7E               	swapf	126,w
  1453  0168  0009               	retfie
  1454  0169                     __end_of_interrupciones:	
  1455                           
  1456                           	psect	intentry
  1457  0004                     __pintentry:	
  1458                           ; Regs used in _interrupciones: [wreg]
  1459                           
  1460  0004                     interrupt_function:	
  1461  007E                     saved_w	set	btemp
  1462  0004  00FE               	movwf	btemp
  1463  0005  0E03               	swapf	3,w
  1464  0006  00F0               	movwf	??_interrupciones
  1465  0007  080A               	movf	10,w
  1466  0008  00F1               	movwf	??_interrupciones+1
  1467  0009  120A  118A  2959   	ljmp	_interrupciones
  1468                           
  1469                           	psect	text293
  1470  0000                     __ptext293:	
  1471 ;; =============== function _interrupciones ends ============
  1472                           
  1473  007E                     btemp	set	126	;btemp
  1474  007E                     wtemp0	set	126


HI-TECH Software PICC Macro Assembler V9.83 build 10920 
Symbol Table                                                                                   Thu Nov 18 11:38:05 2021

     __size_of_controlTiempos 002B        __end_of_interrupciones 0169                           l981 0000  
                         l990 0000                           l984 0000                           l993 0000  
                         l987 0000                           _GIE 005F                           l996 0000  
                         l999 0000                           _RA2 002A                           _PS0 0408  
                         _PS1 0409                           _PS2 040A                           _PSA 040B  
                         fsr0 0004                           indf 0000                 _leerEntradasB 00BA  
               _leerEntradasC 007B                          l1002 0000                          l4501 0000  
                        l4511 0000                          l4503 0000                          l4505 0000  
                        l4521 0000                          l4513 0000                          l4507 0000  
                        l4523 0000                          l4515 0000                          l4531 0000  
                        l4611 0000                          l4509 0000                          l4525 0000  
                        l4517 0000                          l4533 0076                          l4621 0000  
                        l4613 0000                          l4463 0000                          l4471 0000  
                        l4519 0000                          l4527 0000                          l4543 0000  
                        l4535 0000                          l4615 0000                          l4623 0000  
                        l4465 0000                          l4481 0000                          l4473 0000  
                        l4529 0000                          l4545 0000                          l4537 0000  
                        l4561 0000                          l4553 0000                          l4617 0000  
                        l4609 0000                          l4633 013A                          l4625 0129  
                        l2970 0146                          l4467 0000                          l4491 0000  
                        l4483 0000                          l4475 0000                          l4547 0000  
                        l4539 0000                          l4571 0000                          l4563 0000  
                        l4619 0000                ??_configDevice 0072                          l4469 0000  
                        l4493 0000                          l4485 0000                          l4477 0000  
                        l4549 0000                          l4573 00F3                          l4557 0000  
                        l4581 0000                          l4637 0142                          l4629 0132  
                        l4495 0000                          l4487 0000                          l4479 0000  
                        l4575 0000                          l4567 0000                          l4559 00D1  
                        l4591 0000                          l4583 0092                          l4497 0000  
                        l4489 0000                          l4585 0000                          l4577 0000  
                        l4499 0000                          l4595 0000                          l4587 0000  
                        l4597 00B4                          l4599 0000                          _CHS0 00FA  
                        _CHS1 00FB                          _CHS2 00FC                          _CHS3 00FD  
                        _T0IE 005D                          _T0IF 005A                          _T0CS 040D  
                        _T0SE 040C                          _PEIE 005E                          _INTE 005C  
                        _INTF 0059                          _RBIE 005B                          _RBIF 0058  
                        _TMR0 0001                          _TMR2 0011                ??_configTimers 0072  
                        _main 0124                          btemp 007E                          start 000C  
   __size_of_configInterrupts 000A               ?_interrupciones 0070                         ?_main 0070  
                       _ANSEL 0188                         _VCFG0 04FC                         _VCFG1 04FD  
                       _TMR1H 000F                         _TMR1L 000E                         _PORTA 0005  
                       _PORTB 0006                         _PORTC 0007                         _TRISA 0085  
                       _TRISB 0086                         _TRISC 0087                ?_leerEntradasB 0070  
              ?_leerEntradasC 0070                         _nRBPU 040F                         pclath 000A  
                       status 0003                         wtemp0 007E                  __end_of_main 0148  
          controlTiempos@this 0072                        ??_main 0075                        _ADCON0 001F  
                      _ADCON1 009F                        _CCP1IE 0462                        _CCP2IE 0468  
                      _ANSELH 0189                        i1l4601 0000                        i1l4607 0000  
                      i1l2963 0162                        _INTEDG 040E                        _OSCCON 008F  
                      _TMR0IE 005D                        _TMR0IF 005A                        _TMR1IE 0460  
                      _TMR1CS 0081                        _TMR2IE 0461                        _TMR1ON 0080  
                      _TMR2ON 0092   __size_of_configComparadores 0004                _controlTiempos 00F9  
        __size_of_configPorts 0013          __end_of_configDevice 0022               ??_leerEntradasB 0072  
             ??_leerEntradasC 0072          __end_of_configTimers 005F                        saved_w 007E  
    __size_of_configOscilador 0005        __end_of_controlTiempos 0124              _configInterrupts 0035  
              __pcstackCOMMON 0070            __size_of_configADC 000C            __size_of_configCCP 0007  
                  __pbssBANK0 0020             leerEntradasB@this 0074             leerEntradasC@this 0074  
             ?_controlTiempos 0070                    __pmaintext 0124              ??_interrupciones 0070  
                  __pintentry 0004                       _CM1CON0 0107                       _CM2CON0 0108  
                     _CCP1CON 0017                       _CCP2CON 001D                       _T1CKPS0 0084  
                     _T1CKPS1 0085                       _T2CKPS0 0090                       _T2CKPS1 0091  
                     _T1OSCEN 0083                       _TOUTPS0 0093                       _TOUTPS1 0094  
                     _TOUTPS2 0095                       _TOUTPS3 0096                       _nT1SYNC 0082  
       __size_of_configDevice 0013             __end_of_configADC 006B             __end_of_configCCP 0072  
           ??_configOscilador 0072         __size_of_configTimers 0020          end_of_initialization 0155  
                _configDevice 000F                  _configTimers 003F      __end_of_configInterrupts 003F  
  __end_of_configComparadores 0076                 ??_configPorts 0072         __end_of_leerEntradasB 00F9  
       __end_of_leerEntradasC 00BA           start_initialization 0148              ??_controlTiempos 0072  
         __end_of_configPorts 0035               _configOscilador 0076                     __ptext280 0000  
                   __ptext281 000F                     __ptext290 0035                     __ptext282 007B  
                   __ptext291 0022                     __ptext283 00BA                     __ptext292 0159  
                   __ptext284 00F9                     __ptext293 0000                     __ptext285 0076  
                   __ptext286 0072                     __ptext287 006B                     __ptext288 005F  
                   __ptext289 003F                     _configADC 005F                     _configCCP 006B  
           interrupt_function 0004                   _configPorts 0022                    ?_configADC 0070  
                  ?_configCCP 0070       __size_of_interrupciones 0010       __end_of_configOscilador 007B  
           ?_configInterrupts 0070            ??_configInterrupts 0072            _configComparadores 0072  
         ?_configComparadores 0070  leerEntradasB@auxiliarLectura 0073                 __size_of_main 0024  
        ??_configComparadores 0072                   ??_configADC 0072                   ??_configCCP 0072  
            ?_configOscilador 0070                      intlevel1 0000                   _montacargas 0020  
leerEntradasC@auxiliarLectura 0073        __size_of_leerEntradasB 003F        __size_of_leerEntradasC 003F  
     leerEntradasB@diferencia 0072                _interrupciones 0159       leerEntradasC@diferencia 0072  
               ?_configDevice 0070                 ?_configTimers 0070                  ?_configPorts 0070  
